2025-07-12 07:35:36,906 - INFO - Generating 20000 simulations.
2025-07-12 07:35:36,906 - INFO - Generating simulation data for 20000 light curves
2025-07-12 07:36:33,893 - INFO - Generating 20000 simulations.
2025-07-12 07:36:33,893 - INFO - Generating simulation data for 20000 light curves
2025-07-12 07:37:09,890 - INFO - simulation_properties.csv was saved in dataset
2025-07-13 23:16:39,969 - INFO - Simulation properties already exist. Reading from file.
2025-07-13 23:17:59,389 - INFO - Simulation properties already exist. Reading from file.
2025-07-13 23:17:59,424 - INFO - Using 1 CPU cores for parallel processing
2025-07-13 23:37:50,441 - INFO - Simulation properties already exist. Reading from file.
2025-07-13 23:37:50,535 - INFO - Using 1 CPU cores for parallel processing
2025-07-14 00:09:26,208 - INFO - Simulation properties already exist. Reading from file.
2025-07-14 00:09:26,274 - INFO - Using 1 CPU cores for parallel processing
2025-07-14 00:47:45,722 - INFO - Simulation properties already exist. Reading from file.
2025-07-14 00:47:45,815 - INFO - Using 1 CPU cores for parallel processing
2025-07-14 00:47:55,903 - INFO - Total simulation time: 10.09 seconds
2025-07-14 00:47:55,903 - INFO - Average time per simulation: 0.00 seconds
2025-07-14 00:47:55,904 - INFO - Successfully completed 0 out of 20000 simulations
2025-07-14 00:48:30,041 - INFO - Simulation properties already exist. Reading from file.
2025-07-14 00:48:30,077 - INFO - Using 1 CPU cores for parallel processing
2025-07-14 00:51:06,687 - INFO - Simulation properties already exist. Reading from file.
2025-07-14 00:51:06,727 - INFO - Using 1 CPU cores for parallel processing
2025-07-14 00:55:31,552 - INFO - Simulation properties already exist. Reading from file.
2025-07-14 00:55:31,635 - INFO - Using 1 CPU cores for parallel processing
2025-07-14 00:58:39,281 - INFO - Simulation properties already exist. Reading from file.
2025-07-14 00:58:39,317 - INFO - Using 1 CPU cores for parallel processing
2025-07-18 09:53:00,724 - INFO - Simulation properties already exist. Reading from file.
2025-07-18 09:53:00,778 - INFO - Using 1 CPU cores for parallel processing
2025-07-18 09:54:28,891 - INFO - Simulation properties already exist. Reading from file.
2025-07-18 09:54:28,922 - INFO - Using 1 CPU cores for parallel processing
2025-07-18 10:03:44,163 - INFO - Simulation properties already exist. Reading from file.
2025-07-18 10:03:44,195 - INFO - Using 1 CPU cores for parallel processing
2025-07-18 10:10:52,799 - INFO - Simulation properties already exist. Reading from file.
2025-07-18 10:10:52,851 - INFO - Using 1 CPU cores for parallel processing
